********************************************************************************
DUPLICATOR-LITE PACKAGE-LOG: December 31, 2021 6:35 am
NOTICE: Do NOT post to public sites or forums 
********************************************************************************
VERSION:	1.4.3
WORDPRESS:	5.8.2
PHP INFO:	8.0.12 | SAPI: apache2handler
SERVER:		Apache/2.4.51 (Win64) OpenSSL/1.1.1l PHP/8.0.12 
PHP TIME LIMIT: (0) no time limit imposed 
PHP MAX MEMORY: 4294967296 (512M default) 
MEMORY STACK: 8MB

********************************************************************************
DATABASE:
********************************************************************************
BUILD MODE:   MYSQLDUMP
MYSQLTIMEOUT: 5000
MYSQLDUMP:    Is Supported
SQL CREATED: 20211225_bekenadugna_202cb5c85e1bc0ac9136_20211231063434_database.sql
SQL FILE SIZE: 12.77MB (13390489)
SQL FILE TIME: 2021-12-31 06:36:24
SQL RUNTIME: 33.54 sec.

********************************************************************************
ARCHIVE (ZIP):
********************************************************************************
ARCHIVE DIR:  C:/xampp/htdocs/realestate
ARCHIVE FILE: 20211225_bekenadugna_202cb5c85e1bc0ac9136_20211231063434_archive.zip
FILTERS: *OFF*
DIRS:
	not set
FILES:
	not set
EXTS:  not set
----------------------------------------
COMPRESSING
SIZE:	185.91MB
STATS:	Dirs 1,110 | Files 7,029
SQL ADDED: 20211225_bekenadugna_202cb5c85e1bc0ac9136_20211231063434_database.sql
ZipArchive Object
(
    [lastId] => 8138
    [status] => 0
    [statusSys] => 0
    [numFiles] => 8139
    [filename] => C:\xampp\htdocs\realestate\wp-content\backups-dup-lite\tmp\20211225_bekenadugna_202cb5c85e1bc0ac9136_20211231063434_archive.zip
    [comment] => 
)

FILE ADDED TO ZIP: 8138
COMPRESSION RESULT: '1'
COMPRESSED SIZE: 65.41MB
ARCHIVE RUNTIME: 28.34 sec.
MEMORY STACK: 10MB
building installer
add_extra_files1
add_extra_files2
add_extra_files3
add_extra_files4
Doing archive file check
add_extra_files5
add_extra_files6
add_extra_files8
Successfully opened zip C:/xampp/htdocs/realestate/wp-content/backups-dup-lite/tmp/20211225_bekenadugna_202cb5c85e1bc0ac9136_20211231063434_archive.zip
Adding enhanced installer files to archive using ZipArchive
Installer files added to archive
Added to archive
After ziparchive close when adding installer

********************************************************************************
INTEGRITY CHECKS:
********************************************************************************
SQL FILE: 12.77MB
INSTALLER FILE: 64.26KB
ARCHIVE FILE: 66.43MB 
EXPECTED FILE/DIRECTORY COUNT: 8,139
ACTUAL FILE/DIRECTORY COUNT: 8,138
ARCHIVE CONSISTENCY TEST: Pass

********************************************************************************
RECORD ID:[8]
TOTAL PROCESS RUNTIME: 63.68 sec.
PEAK PHP MEMORY USED: 12MB
DONE PROCESSING => 20211225_bekenadugna December 31, 2021 6:36 am

